<?xml version="1.0" encoding="UTF-8"?>
<!-- Generated by org.testng.reporters.JUnitXMLReporter -->
<testsuite hostname="DESKTOP-LM2J46M" ignored="2" name="Command line test" tests="1" failures="0" timestamp="12 Mar 2022 17:09:26 GMT" time="0.882" errors="0">
  <testcase name="changeAvatarTest" time="0.852" classname="wwe.test.UserTest"/>
  <testcase name="@BeforeSuite beforeAll" time="0.0" classname="wwe.test.base.BaseTest">
    <ignored/>
  </testcase> <!-- @BeforeSuite beforeAll -->
  <testcase name="@AfterSuite logResults" time="0.0" classname="wwe.test.base.BaseTest">
    <ignored/>
  </testcase> <!-- @AfterSuite logResults -->
</testsuite> <!-- Command line test -->
