<?xml version="1.0" encoding="UTF-8"?>
<testng-results skipped="0" failed="0" ignored="2" total="3" passed="1">
  <reporter-output>
  </reporter-output>
  <suite name="Command line suite" duration-ms="882" started-at="2022-03-12T17:09:25Z" finished-at="2022-03-12T17:09:26Z">
    <groups>
    </groups>
    <test name="Command line test" duration-ms="882" started-at="2022-03-12T17:09:25Z" finished-at="2022-03-12T17:09:26Z">
      <class name="wwe.test.base.BaseTest">
        <test-method status="PASS" signature="beforeAll()[pri:0, instance:wwe.test.base.BaseTest@617c74e5]" name="beforeAll" is-config="true" duration-ms="6823" started-at="2022-03-12T21:09:19Z" finished-at="2022-03-12T21:09:25Z">
          <reporter-output>
          </reporter-output>
        </test-method> <!-- beforeAll -->
        <test-method status="PASS" signature="logResults(org.testng.ITestContext)[pri:0, instance:wwe.test.base.BaseTest@617c74e5]" name="logResults" is-config="true" duration-ms="1" started-at="2022-03-12T21:09:26Z" finished-at="2022-03-12T21:09:26Z">
          <params>
            <param index="0">
              <value>
                <![CDATA[org.testng.TestRunner@44e3a2b2]]>
              </value>
            </param>
          </params>
          <reporter-output>
          </reporter-output>
        </test-method> <!-- logResults -->
      </class> <!-- wwe.test.base.BaseTest -->
      <class name="wwe.test.UserTest">
        <test-method status="PASS" signature="setup()[pri:0, instance:wwe.test.UserTest@6537cf78]" name="setup" is-config="true" duration-ms="1" started-at="2022-03-12T21:09:25Z" finished-at="2022-03-12T21:09:25Z">
          <reporter-output>
          </reporter-output>
        </test-method> <!-- setup -->
        <test-method status="PASS" signature="changeAvatarTest()[pri:0, instance:wwe.test.UserTest@6537cf78]" name="changeAvatarTest" duration-ms="852" started-at="2022-03-12T21:09:25Z" description="WWEChampions login and change avatar of the user" finished-at="2022-03-12T21:09:26Z">
          <reporter-output>
          </reporter-output>
        </test-method> <!-- changeAvatarTest -->
      </class> <!-- wwe.test.UserTest -->
    </test> <!-- Command line test -->
  </suite> <!-- Command line suite -->
</testng-results>
